<?xml version="1.0" encoding="UTF-8"?>
<!-- Generated by org.testng.reporters.JUnitReportReporter -->
<testsuite hostname="Supriyas-Air" failures="0" tests="1" name="ProductValueCheck" time="4.352" errors="0" timestamp="13 Dec 2018 19:46:45 GMT" skipped="0">
  <testcase classname="ProductValueCheck" name="toVerifyCost" time="4.352"/>
</testsuite> <!-- ProductValueCheck -->
