<?xml version="1.0" encoding="UTF-8"?>
<!-- Generated by org.testng.reporters.JUnitReportReporter -->
<testsuite hostname="Supriyas-Air" failures="0" tests="1" name="SortByName" time="4.480" errors="0" timestamp="08 Dec 2018 18:18:06 GMT" skipped="0">
  <testcase classname="SortByName" name="toSortByName" time="4.480"/>
</testsuite> <!-- SortByName -->
