<?xml version="1.0" encoding="UTF-8"?>
<!-- Generated by org.testng.reporters.JUnitReportReporter -->
<testsuite hostname="Supriyas-Air" failures="0" tests="1" name="QuickChecks" time="4.879" errors="0" timestamp="08 Dec 2018 17:45:38 GMT" skipped="0">
  <testcase classname="QuickChecks" name="f" time="4.879"/>
</testsuite> <!-- QuickChecks -->
